Wed Nov 12 11:15:41 CET 2014 : Apache Derby Network Server - 10.8.2.2 - (1181258) started and ready to accept connections on port 1527
----------------------------------------------------------------
Wed Nov 12 11:15:46 CET 2014:
Booting Derby version The Apache Software Foundation - Apache Derby - 10.8.2.2 - (1181258): instance a816c00e-0149-a380-430f-000055a4e6f2 
on database directory C:\Users\Mateusz\Documents\NetBeansProjects\HibernateOneToMany\db\custom_database  with class loader sun.misc.Launcher$AppClassLoader@6e66da2c 
Loaded from file:/C:/Program%20Files/Java/jdk1.7.0_09/db/lib/derby.jar
java.vendor=Oracle Corporation
java.runtime.version=1.7.0_09-b05
user.dir=C:\Program Files\Java\jdk1.7.0_09\db
derby.system.home=C:\Users\Mateusz\Documents\NetBeansProjects\HibernateOneToMany\db
Database Class Loader started - derby.database.classpath=''
----------------------------------------------------------------
Wed Nov 12 11:15:49 CET 2014:
Booting Derby version The Apache Software Foundation - Apache Derby - 10.8.2.2 - (1181258): instance a094c023-0149-a380-430f-000055a4e6f2 
on database directory C:\Users\Mateusz\Documents\NetBeansProjects\HibernateOneToMany\db\sample  with class loader sun.misc.Launcher$AppClassLoader@6e66da2c 
Loaded from file:/C:/Program%20Files/Java/jdk1.7.0_09/db/lib/derby.jar
java.vendor=Oracle Corporation
java.runtime.version=1.7.0_09-b05
user.dir=C:\Program Files\Java\jdk1.7.0_09\db
derby.system.home=C:\Users\Mateusz\Documents\NetBeansProjects\HibernateOneToMany\db
Database Class Loader started - derby.database.classpath=''
----------------------------------------------------------------
Wed Nov 12 11:34:25 CET 2014: Shutting down Derby engine
